0 info it worked if it ends with ok
1 verbose cli [ '/home/kyoz/.nvm/versions/node/v11.0.0/bin/node',
1 verbose cli   '/home/kyoz/node_modules/.bin/npm',
1 verbose cli   'whoami' ]
2 info using npm@3.10.10
3 info using node@v11.0.0
4 verbose request uri http://registry.leanwell.co/-/whoami
5 verbose request no auth needed
6 info attempt registry request try #1 at 11:15:48 AM
7 verbose request using bearer token for auth
8 verbose request id 510b9a708427cc6a
9 http request GET http://registry.leanwell.co/-/whoami
10 http 200 http://registry.leanwell.co/-/whoami
11 verbose headers { 'access-control-allow-origin': '*',
11 verbose headers   'content-length': '3',
11 verbose headers   'content-type': 'application/json; charset=utf-8',
11 verbose headers   date: 'Wed, 10 Apr 2019 04:15:48 GMT',
11 verbose headers   etag: '"8a80554c91d9fca8acb82f023de02f11"',
11 verbose headers   vary: 'Accept-Encoding',
11 verbose headers   'x-powered-by': 'verdaccio/3.11.6',
11 verbose headers   'x-status-cat': 'http://flic.kr/p/aVuVsF' }
12 verbose stack Error: Your auth token is no longer valid. Please log in again.
12 verbose stack     at /home/kyoz/node_modules/npm/lib/whoami.js:27:32
12 verbose stack     at /home/kyoz/node_modules/npm/node_modules/npm-registry-client/lib/whoami.js:19:5
12 verbose stack     at /home/kyoz/node_modules/npm/lib/cache/caching-client.js:53:8
12 verbose stack     at f (/home/kyoz/node_modules/npm/node_modules/once/once.js:25:25)
12 verbose stack     at /home/kyoz/node_modules/npm/node_modules/npm-registry-client/lib/request.js:76:16
12 verbose stack     at /home/kyoz/node_modules/npm/node_modules/npm-registry-client/lib/request.js:103:12
12 verbose stack     at f (/home/kyoz/node_modules/npm/node_modules/once/once.js:25:25)
12 verbose stack     at CachingRegistryClient.<anonymous> (/home/kyoz/node_modules/npm/node_modules/npm-registry-client/lib/request.js:297:12)
12 verbose stack     at Request._callback (/home/kyoz/node_modules/npm/node_modules/npm-registry-client/lib/request.js:210:14)
12 verbose stack     at Request.self.callback (/home/kyoz/node_modules/npm/node_modules/request/request.js:187:22)
13 verbose cwd /home/kyoz/Documents/Github/qrcodejs
14 error Linux 4.15.0-47-generic
15 error argv "/home/kyoz/.nvm/versions/node/v11.0.0/bin/node" "/home/kyoz/node_modules/.bin/npm" "whoami"
16 error node v11.0.0
17 error npm  v3.10.10
18 error code ENEEDAUTH
19 error need auth Your auth token is no longer valid. Please log in again.
20 error need auth You need to authorize this machine using `npm adduser`
21 verbose exit [ 1, true ]
